  GUITServer.cpp
C:\Users\diego\Documents\Semestre III\Algoritmos Y Estructuras De Datos II\P3D2\GUITServer\GUITServer\GUITServer.cpp(115,64): warning C4267: 'argumento': conversión de 'size_t' a 'int'; posible pérdida de datos
C:\Users\diego\Documents\Semestre III\Algoritmos Y Estructuras De Datos II\P3D2\GUITServer\GUITServer\GUITServer.cpp(128,91): warning C4267: 'argumento': conversión de 'size_t' a 'DWORD'; posible pérdida de datos
C:\Users\diego\Documents\Semestre III\Algoritmos Y Estructuras De Datos II\P3D2\GUITServer\GUITServer\GUITServer.cpp(171,18): warning C4244: 'inicializando': conversión de 'sqlite3_int64' a 'int'; posible pérdida de datos
C:\Users\diego\Documents\Semestre III\Algoritmos Y Estructuras De Datos II\P3D2\GUITServer\GUITServer\GUITServer.cpp(192,76): warning C4267: 'argumento': conversión de 'size_t' a 'int'; posible pérdida de datos
C:\Users\diego\Documents\Semestre III\Algoritmos Y Estructuras De Datos II\P3D2\GUITServer\GUITServer\GUITServer.cpp(201,20): warning C4244: 'inicializando': conversión de 'sqlite3_int64' a 'int'; posible pérdida de datos
C:\Users\diego\Documents\Semestre III\Algoritmos Y Estructuras De Datos II\P3D2\GUITServer\GUITServer\GUITServer.cpp(214,79): warning C4267: 'argumento': conversión de 'size_t' a 'int'; posible pérdida de datos
C:\Users\diego\Documents\Semestre III\Algoritmos Y Estructuras De Datos II\P3D2\GUITServer\GUITServer\GUITServer.cpp(225,58): warning C4267: 'argumento': conversión de 'size_t' a 'int'; posible pérdida de datos
C:\Users\diego\Documents\Semestre III\Algoritmos Y Estructuras De Datos II\P3D2\GUITServer\GUITServer\GUITServer.cpp(236,70): warning C4267: 'argumento': conversión de 'size_t' a 'int'; posible pérdida de datos
C:\Users\diego\Documents\Semestre III\Algoritmos Y Estructuras De Datos II\P3D2\GUITServer\GUITServer\GUITServer.cpp(244,62): warning C4267: 'argumento': conversión de 'size_t' a 'int'; posible pérdida de datos
C:\Users\diego\Documents\Semestre III\Algoritmos Y Estructuras De Datos II\P3D2\GUITServer\GUITServer\GUITServer.cpp(278,21): warning C4244: 'inicializando': conversión de 'sqlite3_int64' a 'int'; posible pérdida de datos
C:\Users\diego\Documents\Semestre III\Algoritmos Y Estructuras De Datos II\P3D2\GUITServer\GUITServer\GUITServer.cpp(281,58): warning C4267: 'argumento': conversión de 'size_t' a 'int'; posible pérdida de datos
C:\Users\diego\Documents\Semestre III\Algoritmos Y Estructuras De Datos II\P3D2\GUITServer\GUITServer\GUITServer.cpp(292,74): warning C4267: 'argumento': conversión de 'size_t' a 'int'; posible pérdida de datos
C:\Users\diego\Documents\Semestre III\Algoritmos Y Estructuras De Datos II\P3D2\GUITServer\GUITServer\GUITServer.cpp(303,62): warning C4267: 'argumento': conversión de 'size_t' a 'int'; posible pérdida de datos
C:\Users\diego\Documents\Semestre III\Algoritmos Y Estructuras De Datos II\P3D2\GUITServer\GUITServer\GUITServer.cpp(313,74): warning C4267: 'argumento': conversión de 'size_t' a 'int'; posible pérdida de datos
C:\Users\diego\Documents\Semestre III\Algoritmos Y Estructuras De Datos II\P3D2\GUITServer\GUITServer\GUITServer.cpp(331,62): warning C4267: 'argumento': conversión de 'size_t' a 'int'; posible pérdida de datos
C:\Users\diego\Documents\Semestre III\Algoritmos Y Estructuras De Datos II\P3D2\GUITServer\GUITServer\GUITServer.cpp(343,70): warning C4267: 'argumento': conversión de 'size_t' a 'int'; posible pérdida de datos
C:\Users\diego\Documents\Semestre III\Algoritmos Y Estructuras De Datos II\P3D2\GUITServer\GUITServer\GUITServer.cpp(360,58): warning C4267: 'argumento': conversión de 'size_t' a 'int'; posible pérdida de datos
C:\Users\diego\Documents\Semestre III\Algoritmos Y Estructuras De Datos II\P3D2\GUITServer\GUITServer\GUITServer.cpp(370,70): warning C4267: 'argumento': conversión de 'size_t' a 'int'; posible pérdida de datos
C:\Users\diego\Documents\Semestre III\Algoritmos Y Estructuras De Datos II\P3D2\GUITServer\GUITServer\GUITServer.cpp(388,54): warning C4267: 'argumento': conversión de 'size_t' a 'int'; posible pérdida de datos
  GUITServer.vcxproj -> C:\Users\diego\Documents\Semestre III\Algoritmos Y Estructuras De Datos II\P3D2\GUITServer\x64\Debug\GUITServer.exe
